TN:
SF:/Users/s0s0p6u/Desktop/GTP/electrode/packages/electrode-ui-config/hapi-plugin.js
FN:12,uiConfigRegister
FNF:1
FNH:1
FNDA:3,uiConfigRegister
DA:3,1
DA:5,1
DA:6,1
DA:13,3
DA:15,3
DA:18,1
DA:23,1
DA:25,1
LF:8
LH:8
BRDA:13,0,0,3
BRDA:13,0,1,2
BRDA:13,0,2,2
BRDA:15,1,0,3
BRDA:15,1,1,3
BRF:5
BRH:5
end_of_record
TN:
SF:/Users/s0s0p6u/Desktop/GTP/electrode/packages/electrode-ui-config/lib/index.js
FN:9,(anonymous_0)
FNF:1
FNH:1
FNDA:5,(anonymous_0)
DA:3,1
DA:4,1
DA:6,1
DA:8,1
DA:10,5
DA:11,5
DA:15,1
LF:7
LH:7
BRF:0
BRH:0
end_of_record
TN:
SF:/Users/s0s0p6u/Desktop/GTP/electrode/packages/electrode-ui-config/src/csindex.js
FNF:0
FNH:0
DA:5,2
LF:1
LH:1
BRDA:5,0,0,2
BRDA:5,0,1,1
BRF:2
BRH:2
end_of_record
TN:
SF:/Users/s0s0p6u/Desktop/GTP/electrode/packages/electrode-ui-config/src/ui-config.js
FN:5,join
FN:6,(anonymous_1)
FN:18,reload
FN:24,(anonymous_3)
FN:25,(anonymous_4)
FN:28,(anonymous_5)
FNF:6
FNH:6
FNDA:58,join
FNDA:134,(anonymous_1)
FNDA:14,reload
FNDA:40,(anonymous_3)
FNDA:18,(anonymous_4)
FNDA:14,(anonymous_5)
DA:6,134
DA:8,58
DA:10,2
DA:13,56
DA:19,14
DA:20,14
DA:21,14
DA:22,14
DA:23,14
DA:24,40
DA:25,18
DA:28,1
DA:29,14
DA:30,14
DA:31,14
DA:32,14
LF:16
LH:16
BRDA:8,0,0,2
BRDA:8,0,1,56
BRDA:8,1,0,58
BRDA:8,1,1,18
BRDA:14,2,0,2
BRDA:14,2,1,54
BRDA:19,3,0,14
BRDA:19,3,1,1
BRDA:20,4,0,14
BRDA:20,4,1,2
BRDA:21,5,0,14
BRDA:21,5,1,6
BRDA:22,6,0,14
BRDA:22,6,1,13
BRF:14
BRH:14
end_of_record
